d:\my stuff\projects\gex\x64\debug\vc142.pdb
d:\my stuff\projects\gex\x64\debug\vc142.idb
d:\my stuff\projects\gex\x64\debug\glad.obj
d:\my stuff\projects\gex\x64\debug\main.obj
d:\my stuff\projects\gex\x64\debug\imgui_widgets.obj
d:\my stuff\projects\gex\x64\debug\imgui_tables.obj
d:\my stuff\projects\gex\x64\debug\imgui_impl_opengl3.obj
d:\my stuff\projects\gex\x64\debug\imgui_impl_glfw.obj
d:\my stuff\projects\gex\x64\debug\imgui_draw.obj
d:\my stuff\projects\gex\x64\debug\imgui_demo.obj
d:\my stuff\projects\gex\x64\debug\imgui.obj
d:\my stuff\projects\gex\x64\debug\gex.exe
d:\my stuff\projects\gex\x64\debug\gex.ilk
d:\my stuff\projects\gex\x64\debug\gex.pdb
d:\my stuff\projects\gex\x64\debug\gex.tlog\cl.command.1.tlog
d:\my stuff\projects\gex\x64\debug\gex.tlog\cl.read.1.tlog
d:\my stuff\projects\gex\x64\debug\gex.tlog\cl.write.1.tlog
d:\my stuff\projects\gex\x64\debug\gex.tlog\link.command.1.tlog
d:\my stuff\projects\gex\x64\debug\gex.tlog\link.read.1.tlog
d:\my stuff\projects\gex\x64\debug\gex.tlog\link.write.1.tlog
